Setting up...
Loading SVHN dataset...
Loading EfficientNetV2-B0 model...
Starting training...
Evaluating ...
Total detections: 421
Total detections: 3462
Epoch 1/100, Loss: 0.3159, Dev Accuracy: 0.0229, Train Accuracy: 0.0294
Evaluating ...
Total detections: 940
Total detections: 7942
Epoch 2/100, Loss: 0.0736, Dev Accuracy: 0.1121, Train Accuracy: 0.1343
Evaluating ...
Total detections: 1591
Total detections: 12650
Epoch 3/100, Loss: 0.0635, Dev Accuracy: 0.2249, Train Accuracy: 0.2463
Evaluating ...
Total detections: 1557
Total detections: 12909
Epoch 4/100, Loss: 0.0569, Dev Accuracy: 0.2447, Train Accuracy: 0.2807
Evaluating ...
Total detections: 1625
Total detections: 13404
Epoch 5/100, Loss: 0.0527, Dev Accuracy: 0.2668, Train Accuracy: 0.3090
Evaluating ...
Total detections: 1912
Total detections: 16119
Epoch 6/100, Loss: 0.0489, Dev Accuracy: 0.3252, Train Accuracy: 0.4030
Evaluating ...
Total detections: 1527
Total detections: 13087
Epoch 7/100, Loss: 0.0415, Dev Accuracy: 0.2470, Train Accuracy: 0.3006
Evaluating ...
Total detections: 1861
Total detections: 16141
Epoch 8/100, Loss: 0.0382, Dev Accuracy: 0.3094, Train Accuracy: 0.4041
Evaluating ...
Total detections: 1806
Total detections: 16241
Epoch 9/100, Loss: 0.0352, Dev Accuracy: 0.2794, Train Accuracy: 0.4160
Evaluating ...
Total detections: 1861
Total detections: 17536
Epoch 10/100, Loss: 0.0323, Dev Accuracy: 0.3425, Train Accuracy: 0.4990
Evaluating ...
Total detections: 2293
Total detections: 21108
Epoch 11/100, Loss: 0.0298, Dev Accuracy: 0.3765, Train Accuracy: 0.6358
Evaluating ...
Total detections: 2436
Total detections: 22111
Epoch 12/100, Loss: 0.0275, Dev Accuracy: 0.3986, Train Accuracy: 0.6718
Evaluating ...
Total detections: 2495
Total detections: 22553
Epoch 13/100, Loss: 0.0254, Dev Accuracy: 0.4017, Train Accuracy: 0.7316
Evaluating ...
Total detections: 2191
Total detections: 21122
Epoch 14/100, Loss: 0.0235, Dev Accuracy: 0.3346, Train Accuracy: 0.6894
Evaluating ...
Total detections: 2251
Total detections: 21647
Epoch 15/100, Loss: 0.0221, Dev Accuracy: 0.3575, Train Accuracy: 0.7505
Evaluating ...
Total detections: 2526
Total detections: 23034
Epoch 16/100, Loss: 0.0216, Dev Accuracy: 0.4049, Train Accuracy: 0.7765
Evaluating ...
Total detections: 2227
Total detections: 21726
Epoch 17/100, Loss: 0.0199, Dev Accuracy: 0.3465, Train Accuracy: 0.7850
Evaluating ...
Total detections: 2430
Total detections: 22388
Epoch 18/100, Loss: 0.0188, Dev Accuracy: 0.3662, Train Accuracy: 0.7982
Evaluating ...
Total detections: 2317
Total detections: 22280
Epoch 19/100, Loss: 0.0175, Dev Accuracy: 0.3639, Train Accuracy: 0.8139
Evaluating ...
Total detections: 2304
Total detections: 22107
Epoch 20/100, Loss: 0.0178, Dev Accuracy: 0.3528, Train Accuracy: 0.7855
Evaluating ...
Total detections: 2531
Total detections: 22917
Epoch 21/100, Loss: 0.0173, Dev Accuracy: 0.4128, Train Accuracy: 0.8537
Evaluating ...
Total detections: 2448
Total detections: 22654
Epoch 22/100, Loss: 0.0162, Dev Accuracy: 0.3812, Train Accuracy: 0.8484
Evaluating ...
Total detections: 2419
Total detections: 22530
Epoch 23/100, Loss: 0.0160, Dev Accuracy: 0.4104, Train Accuracy: 0.8497
Evaluating ...
Total detections: 2410
Total detections: 22528
Epoch 24/100, Loss: 0.0154, Dev Accuracy: 0.3899, Train Accuracy: 0.8330
Evaluating ...
Total detections: 2343
Total detections: 22598
Epoch 25/100, Loss: 0.0148, Dev Accuracy: 0.4033, Train Accuracy: 0.8594
Evaluating ...
Total detections: 2393
Total detections: 22663
Epoch 26/100, Loss: 0.0154, Dev Accuracy: 0.3931, Train Accuracy: 0.8419
Evaluating ...
Total detections: 2362
Total detections: 22492
Epoch 27/100, Loss: 0.0145, Dev Accuracy: 0.4002, Train Accuracy: 0.8855
Evaluating ...
Total detections: 2411
Total detections: 22664
Epoch 28/100, Loss: 0.0141, Dev Accuracy: 0.3891, Train Accuracy: 0.8566
Evaluating ...
Total detections: 2052
Total detections: 21871
Epoch 29/100, Loss: 0.0142, Dev Accuracy: 0.3496, Train Accuracy: 0.8658
Evaluating ...
Total detections: 2490
Total detections: 22736
Epoch 30/100, Loss: 0.0135, Dev Accuracy: 0.3970, Train Accuracy: 0.8925
Evaluating ...
Total detections: 2138
Total detections: 21963
Epoch 31/100, Loss: 0.0130, Dev Accuracy: 0.3615, Train Accuracy: 0.8818
Evaluating ...
Total detections: 2346
Total detections: 22405
Epoch 32/100, Loss: 0.0137, Dev Accuracy: 0.4128, Train Accuracy: 0.8792
Evaluating ...
Total detections: 2302
Total detections: 22434
Epoch 33/100, Loss: 0.0135, Dev Accuracy: 0.3860, Train Accuracy: 0.8817
Evaluating ...
Total detections: 2342
Total detections: 22431
Epoch 34/100, Loss: 0.0131, Dev Accuracy: 0.3883, Train Accuracy: 0.8946
Evaluating ...
Total detections: 2357
Total detections: 22572
Epoch 35/100, Loss: 0.0125, Dev Accuracy: 0.4104, Train Accuracy: 0.9188
Evaluating ...
Total detections: 2523
Total detections: 22778
Epoch 36/100, Loss: 0.0123, Dev Accuracy: 0.4365, Train Accuracy: 0.9050
Evaluating ...
Total detections: 2202
Total detections: 22259
Epoch 37/100, Loss: 0.0127, Dev Accuracy: 0.3717, Train Accuracy: 0.9008
Evaluating ...
Total detections: 2264
Total detections: 22365
Epoch 38/100, Loss: 0.0127, Dev Accuracy: 0.3923, Train Accuracy: 0.9001
Evaluating ...
Total detections: 2412
Total detections: 22648
Epoch 39/100, Loss: 0.0124, Dev Accuracy: 0.4049, Train Accuracy: 0.9181
Evaluating ...
Total detections: 2129
Total detections: 22171
Epoch 40/100, Loss: 0.0117, Dev Accuracy: 0.3481, Train Accuracy: 0.9007
Evaluating ...
Total detections: 2322
Total detections: 22370
Epoch 41/100, Loss: 0.0120, Dev Accuracy: 0.4167, Train Accuracy: 0.9266
Evaluating ...
Total detections: 2366
Total detections: 22619
Epoch 42/100, Loss: 0.0120, Dev Accuracy: 0.4128, Train Accuracy: 0.9140
Evaluating ...
Total detections: 2216
Total detections: 22206
Epoch 43/100, Loss: 0.0117, Dev Accuracy: 0.3836, Train Accuracy: 0.9279
Evaluating ...
Total detections: 2256
Total detections: 22281
Epoch 44/100, Loss: 0.0113, Dev Accuracy: 0.3954, Train Accuracy: 0.8901
Evaluating ...
Total detections: 2162
Total detections: 22259
Epoch 45/100, Loss: 0.0121, Dev Accuracy: 0.3678, Train Accuracy: 0.9174
Evaluating ...
Total detections: 2206
Total detections: 22316
Epoch 46/100, Loss: 0.0112, Dev Accuracy: 0.3639, Train Accuracy: 0.8979
Evaluating ...
Total detections: 2388
Total detections: 22546
Epoch 47/100, Loss: 0.0112, Dev Accuracy: 0.4144, Train Accuracy: 0.9216
Evaluating ...
Total detections: 2145
Total detections: 22189
Epoch 48/100, Loss: 0.0113, Dev Accuracy: 0.3575, Train Accuracy: 0.9072
Evaluating ...
Total detections: 2154
Total detections: 22228
Epoch 49/100, Loss: 0.0114, Dev Accuracy: 0.3717, Train Accuracy: 0.9159
Evaluating ...
Total detections: 2020
Total detections: 22123
Epoch 50/100, Loss: 0.0111, Dev Accuracy: 0.3465, Train Accuracy: 0.9388
Evaluating ...
Total detections: 2093
Total detections: 22192
Epoch 51/100, Loss: 0.0102, Dev Accuracy: 0.3694, Train Accuracy: 0.9383
Evaluating ...
Total detections: 2077
Total detections: 22106
Epoch 52/100, Loss: 0.0108, Dev Accuracy: 0.3867, Train Accuracy: 0.9280
Evaluating ...
Total detections: 2022
Total detections: 22051
Epoch 53/100, Loss: 0.0110, Dev Accuracy: 0.3654, Train Accuracy: 0.9210
Evaluating ...
Total detections: 2302
Total detections: 22299
Epoch 54/100, Loss: 0.0118, Dev Accuracy: 0.3946, Train Accuracy: 0.9233
Evaluating ...
Total detections: 2412
Total detections: 22506
Epoch 55/100, Loss: 0.0108, Dev Accuracy: 0.4444, Train Accuracy: 0.9406
Evaluating ...
Total detections: 2051
Total detections: 22204
Epoch 56/100, Loss: 0.0100, Dev Accuracy: 0.3812, Train Accuracy: 0.9588
Evaluating ...
Total detections: 1991
Total detections: 22017
Epoch 57/100, Loss: 0.0099, Dev Accuracy: 0.3110, Train Accuracy: 0.9090
Evaluating ...
Total detections: 2099
Total detections: 21984
Epoch 58/100, Loss: 0.0110, Dev Accuracy: 0.3852, Train Accuracy: 0.8969
Evaluating ...
Total detections: 2134
Total detections: 22208
Epoch 59/100, Loss: 0.0117, Dev Accuracy: 0.3654, Train Accuracy: 0.9264
Evaluating ...
Total detections: 2094
Total detections: 22184
Epoch 60/100, Loss: 0.0104, Dev Accuracy: 0.3678, Train Accuracy: 0.9455
Evaluating ...
Total detections: 2131
Total detections: 22167
Epoch 61/100, Loss: 0.0100, Dev Accuracy: 0.3875, Train Accuracy: 0.9476
Evaluating ...
Total detections: 2119
Total detections: 22215
Epoch 62/100, Loss: 0.0095, Dev Accuracy: 0.3931, Train Accuracy: 0.9601
Evaluating ...
Total detections: 2201
Total detections: 22164
Epoch 63/100, Loss: 0.0099, Dev Accuracy: 0.4136, Train Accuracy: 0.9240
Evaluating ...
Total detections: 2365
Total detections: 22479
Epoch 64/100, Loss: 0.0114, Dev Accuracy: 0.4088, Train Accuracy: 0.9177
Evaluating ...
Total detections: 1983
Total detections: 22100
Epoch 65/100, Loss: 0.0107, Dev Accuracy: 0.3646, Train Accuracy: 0.9490
Evaluating ...
Total detections: 2318
Total detections: 22356
Epoch 66/100, Loss: 0.0097, Dev Accuracy: 0.4183, Train Accuracy: 0.9585
Evaluating ...
Total detections: 2335
Total detections: 22398
Epoch 67/100, Loss: 0.0098, Dev Accuracy: 0.4309, Train Accuracy: 0.9458
Evaluating ...
Total detections: 2022
Total detections: 22097
Epoch 68/100, Loss: 0.0099, Dev Accuracy: 0.3623, Train Accuracy: 0.9386
Evaluating ...
Total detections: 2196
Total detections: 22242
Epoch 69/100, Loss: 0.0102, Dev Accuracy: 0.3891, Train Accuracy: 0.9424
Evaluating ...
Total detections: 2222
Total detections: 22318
Epoch 70/100, Loss: 0.0103, Dev Accuracy: 0.4017, Train Accuracy: 0.9407
Evaluating ...
Total detections: 2155
Total detections: 22136
Epoch 71/100, Loss: 0.0101, Dev Accuracy: 0.3994, Train Accuracy: 0.9275
Evaluating ...
Total detections: 1899
Total detections: 22088
Epoch 72/100, Loss: 0.0100, Dev Accuracy: 0.3315, Train Accuracy: 0.9513
Evaluating ...
Total detections: 2146
Total detections: 22214
Epoch 73/100, Loss: 0.0096, Dev Accuracy: 0.4057, Train Accuracy: 0.9359
Evaluating ...
Total detections: 2255
Total detections: 22285
Epoch 74/100, Loss: 0.0098, Dev Accuracy: 0.3891, Train Accuracy: 0.9476
Evaluating ...
Total detections: 2077
Total detections: 22139
Epoch 75/100, Loss: 0.0099, Dev Accuracy: 0.4049, Train Accuracy: 0.9448
Evaluating ...
Total detections: 2299
Total detections: 22340
Epoch 76/100, Loss: 0.0098, Dev Accuracy: 0.4349, Train Accuracy: 0.9477
Evaluating ...
Total detections: 2412
Total detections: 22465
Epoch 77/100, Loss: 0.0098, Dev Accuracy: 0.4286, Train Accuracy: 0.9474
Evaluating ...
Total detections: 2259
Total detections: 22322
Epoch 78/100, Loss: 0.0099, Dev Accuracy: 0.4325, Train Accuracy: 0.9520
Evaluating ...
Total detections: 2241
Total detections: 22389
Epoch 79/100, Loss: 0.0100, Dev Accuracy: 0.4049, Train Accuracy: 0.9406
Evaluating ...
Total detections: 2254
Total detections: 22278
Epoch 80/100, Loss: 0.0100, Dev Accuracy: 0.4341, Train Accuracy: 0.9560
Evaluating ...
Total detections: 1935
Total detections: 22117
Epoch 81/100, Loss: 0.0094, Dev Accuracy: 0.3433, Train Accuracy: 0.9485
Evaluating ...
Total detections: 2297
Total detections: 22299
Epoch 82/100, Loss: 0.0093, Dev Accuracy: 0.4333, Train Accuracy: 0.9589
Evaluating ...
Total detections: 2073
Total detections: 22195
Epoch 83/100, Loss: 0.0097, Dev Accuracy: 0.3631, Train Accuracy: 0.9381
Evaluating ...
Total detections: 2255
Total detections: 22299
Epoch 84/100, Loss: 0.0098, Dev Accuracy: 0.4317, Train Accuracy: 0.9501
Evaluating ...
Total detections: 2326
Total detections: 22316
Epoch 85/100, Loss: 0.0095, Dev Accuracy: 0.4301, Train Accuracy: 0.9628
Evaluating ...
Total detections: 2280
Total detections: 22294
Epoch 86/100, Loss: 0.0090, Dev Accuracy: 0.4167, Train Accuracy: 0.9591
Evaluating ...
Total detections: 2265
Total detections: 22290
Epoch 87/100, Loss: 0.0090, Dev Accuracy: 0.4025, Train Accuracy: 0.9509
Evaluating ...
Total detections: 2342
Total detections: 22394
Epoch 88/100, Loss: 0.0097, Dev Accuracy: 0.4167, Train Accuracy: 0.9345
Evaluating ...
Total detections: 2384
Total detections: 22383
Epoch 89/100, Loss: 0.0105, Dev Accuracy: 0.4641, Train Accuracy: 0.9481
Evaluating ...
Total detections: 2096
Total detections: 22211
Epoch 90/100, Loss: 0.0094, Dev Accuracy: 0.3788, Train Accuracy: 0.9635
Evaluating ...
Total detections: 2131
Total detections: 22222
Epoch 91/100, Loss: 0.0088, Dev Accuracy: 0.3946, Train Accuracy: 0.9720
Evaluating ...
Total detections: 2172
Total detections: 22269
Epoch 92/100, Loss: 0.0085, Dev Accuracy: 0.3946, Train Accuracy: 0.9670
Evaluating ...
Total detections: 2352
Total detections: 22367
Epoch 93/100, Loss: 0.0089, Dev Accuracy: 0.4436, Train Accuracy: 0.9526
Evaluating ...
Total detections: 2099
Total detections: 22150
Epoch 94/100, Loss: 0.0098, Dev Accuracy: 0.3615, Train Accuracy: 0.9248
Evaluating ...
Total detections: 2154
Total detections: 22282
Epoch 95/100, Loss: 0.0104, Dev Accuracy: 0.4009, Train Accuracy: 0.9421
Evaluating ...
Total detections: 2171
Total detections: 22219
Epoch 96/100, Loss: 0.0092, Dev Accuracy: 0.3954, Train Accuracy: 0.9644
Evaluating ...
Total detections: 2176
Total detections: 22209
Epoch 97/100, Loss: 0.0086, Dev Accuracy: 0.4073, Train Accuracy: 0.9682
Evaluating ...
Total detections: 2309
Total detections: 22335
Epoch 98/100, Loss: 0.0087, Dev Accuracy: 0.4625, Train Accuracy: 0.9658
Evaluating ...
Total detections: 2219
Total detections: 22254
Epoch 99/100, Loss: 0.0089, Dev Accuracy: 0.4073, Train Accuracy: 0.9537
Evaluating ...
Total detections: 2171
Total detections: 22236
Epoch 100/100, Loss: 0.0095, Dev Accuracy: 0.3907, Train Accuracy: 0.9475
Total detections: 6162
