Setting up...
Loading SVHN dataset...
Loading EfficientNetV2-B0 model...
Starting training...
Evaluating ...
Total detections: 423
Total detections: 3091
Epoch 1/100, Loss: 0.3174, Dev Accuracy: 0.0229, Train Accuracy: 0.0235
Evaluating ...
Total detections: 859
Total detections: 6999
Epoch 2/100, Loss: 0.0738, Dev Accuracy: 0.1058, Train Accuracy: 0.1180
Evaluating ...
Total detections: 1675
Total detections: 13334
Epoch 3/100, Loss: 0.0634, Dev Accuracy: 0.2305, Train Accuracy: 0.2595
Evaluating ...
Total detections: 1559
Total detections: 12977
Epoch 4/100, Loss: 0.0571, Dev Accuracy: 0.2431, Train Accuracy: 0.2843
Evaluating ...
Total detections: 1586
Total detections: 13432
Epoch 5/100, Loss: 0.0530, Dev Accuracy: 0.2620, Train Accuracy: 0.3155
Evaluating ...
Total detections: 2021
Total detections: 16854
Epoch 6/100, Loss: 0.0500, Dev Accuracy: 0.3410, Train Accuracy: 0.4085
Evaluating ...
Total detections: 1508
Total detections: 12827
Epoch 7/100, Loss: 0.0473, Dev Accuracy: 0.2407, Train Accuracy: 0.2889
Evaluating ...
Total detections: 1961
Total detections: 16967
Epoch 8/100, Loss: 0.0412, Dev Accuracy: 0.3236, Train Accuracy: 0.4271
Evaluating ...
Total detections: 1755
Total detections: 15948
Epoch 9/100, Loss: 0.0363, Dev Accuracy: 0.2889, Train Accuracy: 0.4065
Evaluating ...
Total detections: 1877
Total detections: 17646
Epoch 10/100, Loss: 0.0332, Dev Accuracy: 0.3362, Train Accuracy: 0.5056
Evaluating ...
Total detections: 2145
Total detections: 19760
Epoch 11/100, Loss: 0.0307, Dev Accuracy: 0.3591, Train Accuracy: 0.5751
Evaluating ...
Total detections: 2354
Total detections: 21433
Epoch 12/100, Loss: 0.0283, Dev Accuracy: 0.3710, Train Accuracy: 0.6759
Evaluating ...
Total detections: 2371
Total detections: 21843
Epoch 13/100, Loss: 0.0254, Dev Accuracy: 0.3994, Train Accuracy: 0.7203
Evaluating ...
Total detections: 2304
Total detections: 21843
Epoch 14/100, Loss: 0.0234, Dev Accuracy: 0.3520, Train Accuracy: 0.7491
Evaluating ...
Total detections: 2282
Total detections: 21627
Epoch 15/100, Loss: 0.0218, Dev Accuracy: 0.3512, Train Accuracy: 0.7372
Evaluating ...
Total detections: 2535
Total detections: 22634
Epoch 16/100, Loss: 0.0193, Dev Accuracy: 0.4065, Train Accuracy: 0.7875
Evaluating ...
Total detections: 2615
Total detections: 23163
Epoch 17/100, Loss: 0.0168, Dev Accuracy: 0.4207, Train Accuracy: 0.8316
Evaluating ...
Total detections: 2025
Total detections: 21176
Epoch 18/100, Loss: 0.0153, Dev Accuracy: 0.3346, Train Accuracy: 0.8004
Evaluating ...
Total detections: 2159
Total detections: 21531
Epoch 19/100, Loss: 0.0149, Dev Accuracy: 0.3346, Train Accuracy: 0.7692
Evaluating ...
Total detections: 2486
Total detections: 22558
Epoch 20/100, Loss: 0.0145, Dev Accuracy: 0.3978, Train Accuracy: 0.8634
Evaluating ...
Total detections: 2355
Total detections: 22389
Epoch 21/100, Loss: 0.0126, Dev Accuracy: 0.4033, Train Accuracy: 0.8879
Evaluating ...
Total detections: 2281
Total detections: 22267
Epoch 22/100, Loss: 0.0124, Dev Accuracy: 0.3725, Train Accuracy: 0.8662
Evaluating ...
Total detections: 2285
Total detections: 22184
Epoch 23/100, Loss: 0.0122, Dev Accuracy: 0.3544, Train Accuracy: 0.8609
Evaluating ...
Total detections: 2328
Total detections: 22436
Epoch 24/100, Loss: 0.0115, Dev Accuracy: 0.3938, Train Accuracy: 0.8987
Evaluating ...
Total detections: 2150
Total detections: 22143
Epoch 25/100, Loss: 0.0106, Dev Accuracy: 0.3520, Train Accuracy: 0.8844
Evaluating ...
Total detections: 2219
Total detections: 22144
Epoch 26/100, Loss: 0.0122, Dev Accuracy: 0.3828, Train Accuracy: 0.8803
Evaluating ...
Total detections: 2155
Total detections: 22206
Epoch 27/100, Loss: 0.0099, Dev Accuracy: 0.3836, Train Accuracy: 0.9354
Evaluating ...
Total detections: 2240
Total detections: 22205
Epoch 28/100, Loss: 0.0088, Dev Accuracy: 0.3781, Train Accuracy: 0.9293
Evaluating ...
Total detections: 2142
Total detections: 22103
Epoch 29/100, Loss: 0.0086, Dev Accuracy: 0.3331, Train Accuracy: 0.9024
Evaluating ...
Total detections: 2482
Total detections: 22666
Epoch 30/100, Loss: 0.0098, Dev Accuracy: 0.4499, Train Accuracy: 0.9264
Evaluating ...
Total detections: 2451
Total detections: 22635
Epoch 31/100, Loss: 0.0086, Dev Accuracy: 0.4254, Train Accuracy: 0.9235
Evaluating ...
Total detections: 2216
Total detections: 22261
Epoch 32/100, Loss: 0.0084, Dev Accuracy: 0.3852, Train Accuracy: 0.9385
Evaluating ...
Total detections: 2253
Total detections: 22340
Epoch 33/100, Loss: 0.0072, Dev Accuracy: 0.4065, Train Accuracy: 0.9523
Evaluating ...
Total detections: 2110
Total detections: 22085
Epoch 34/100, Loss: 0.0076, Dev Accuracy: 0.3686, Train Accuracy: 0.9231
Evaluating ...
Total detections: 2346
Total detections: 22525
Epoch 35/100, Loss: 0.0077, Dev Accuracy: 0.4041, Train Accuracy: 0.9317
Evaluating ...
Total detections: 2110
Total detections: 22201
Epoch 36/100, Loss: 0.0073, Dev Accuracy: 0.3670, Train Accuracy: 0.9511
Evaluating ...
Total detections: 2364
Total detections: 22427
Epoch 37/100, Loss: 0.0066, Dev Accuracy: 0.4199, Train Accuracy: 0.9656
Evaluating ...
Total detections: 2012
Total detections: 22074
Epoch 38/100, Loss: 0.0066, Dev Accuracy: 0.3575, Train Accuracy: 0.9531
Evaluating ...
Total detections: 2053
Total detections: 22157
Epoch 39/100, Loss: 0.0065, Dev Accuracy: 0.3662, Train Accuracy: 0.9448
Evaluating ...
Total detections: 2399
Total detections: 22407
Epoch 40/100, Loss: 0.0063, Dev Accuracy: 0.4420, Train Accuracy: 0.9585
Evaluating ...
Total detections: 1984
Total detections: 22056
Epoch 41/100, Loss: 0.0066, Dev Accuracy: 0.3646, Train Accuracy: 0.9481
Evaluating ...
Total detections: 2245
Total detections: 22267
Epoch 42/100, Loss: 0.0058, Dev Accuracy: 0.4230, Train Accuracy: 0.9706
Evaluating ...
Total detections: 2257
Total detections: 22240
Epoch 43/100, Loss: 0.0050, Dev Accuracy: 0.4286, Train Accuracy: 0.9803
Evaluating ...
Total detections: 2260
Total detections: 22276
Epoch 44/100, Loss: 0.0048, Dev Accuracy: 0.4349, Train Accuracy: 0.9822
Evaluating ...
Total detections: 2059
Total detections: 22101
Epoch 45/100, Loss: 0.0050, Dev Accuracy: 0.3804, Train Accuracy: 0.9593
Evaluating ...
Total detections: 2242
Total detections: 22308
Epoch 46/100, Loss: 0.0054, Dev Accuracy: 0.4254, Train Accuracy: 0.9703
Evaluating ...
Total detections: 2054
Total detections: 22164
Epoch 47/100, Loss: 0.0056, Dev Accuracy: 0.3220, Train Accuracy: 0.9653
Evaluating ...
Total detections: 2213
Total detections: 22285
Epoch 48/100, Loss: 0.0050, Dev Accuracy: 0.4073, Train Accuracy: 0.9791
Evaluating ...
Total detections: 2181
Total detections: 22223
Epoch 49/100, Loss: 0.0044, Dev Accuracy: 0.3844, Train Accuracy: 0.9854
Evaluating ...
Total detections: 2130
Total detections: 22203
Epoch 50/100, Loss: 0.0039, Dev Accuracy: 0.4009, Train Accuracy: 0.9897
Evaluating ...
Total detections: 1945
Total detections: 22199
Epoch 51/100, Loss: 0.0037, Dev Accuracy: 0.3686, Train Accuracy: 0.9909
Evaluating ...
Total detections: 2032
Total detections: 22179
Epoch 52/100, Loss: 0.0036, Dev Accuracy: 0.3970, Train Accuracy: 0.9892
Evaluating ...
Total detections: 2110
Total detections: 22192
Epoch 53/100, Loss: 0.0036, Dev Accuracy: 0.3646, Train Accuracy: 0.9842
Evaluating ...
Total detections: 2300
Total detections: 22343
Epoch 54/100, Loss: 0.0046, Dev Accuracy: 0.4301, Train Accuracy: 0.9596
Evaluating ...
Total detections: 2094
Total detections: 22191
Epoch 55/100, Loss: 0.0055, Dev Accuracy: 0.3867, Train Accuracy: 0.9686
Evaluating ...
Total detections: 2233
Total detections: 22226
Epoch 56/100, Loss: 0.0043, Dev Accuracy: 0.4286, Train Accuracy: 0.9883
Evaluating ...
Total detections: 2309
Total detections: 22213
Epoch 57/100, Loss: 0.0036, Dev Accuracy: 0.4530, Train Accuracy: 0.9919
Evaluating ...
Total detections: 1960
Total detections: 22194
Epoch 58/100, Loss: 0.0031, Dev Accuracy: 0.3710, Train Accuracy: 0.9932
Evaluating ...
Total detections: 2065
Total detections: 22194
Epoch 59/100, Loss: 0.0029, Dev Accuracy: 0.4049, Train Accuracy: 0.9937
Evaluating ...
Total detections: 2003
Total detections: 22194
Epoch 60/100, Loss: 0.0028, Dev Accuracy: 0.3796, Train Accuracy: 0.9936
Evaluating ...
Total detections: 2132
Total detections: 22194
Epoch 61/100, Loss: 0.0028, Dev Accuracy: 0.4223, Train Accuracy: 0.9932
Evaluating ...
Total detections: 2080
Total detections: 22193
Epoch 62/100, Loss: 0.0028, Dev Accuracy: 0.3978, Train Accuracy: 0.9933
Evaluating ...
Total detections: 2071
Total detections: 22194
Epoch 63/100, Loss: 0.0027, Dev Accuracy: 0.4025, Train Accuracy: 0.9937
Evaluating ...
Total detections: 2188
Total detections: 22199
Epoch 64/100, Loss: 0.0028, Dev Accuracy: 0.4365, Train Accuracy: 0.9934
Evaluating ...
Total detections: 2085
Total detections: 22194
Epoch 65/100, Loss: 0.0028, Dev Accuracy: 0.4152, Train Accuracy: 0.9934
Evaluating ...
Total detections: 2062
Total detections: 22195
Epoch 66/100, Loss: 0.0027, Dev Accuracy: 0.4088, Train Accuracy: 0.9932
Evaluating ...
Total detections: 2062
Total detections: 22194
Epoch 67/100, Loss: 0.0027, Dev Accuracy: 0.4096, Train Accuracy: 0.9932
Evaluating ...
Total detections: 2093
Total detections: 22194
Epoch 68/100, Loss: 0.0026, Dev Accuracy: 0.4254, Train Accuracy: 0.9943
Evaluating ...
Total detections: 2068
Total detections: 22194
Epoch 69/100, Loss: 0.0026, Dev Accuracy: 0.4112, Train Accuracy: 0.9940
Evaluating ...
Total detections: 1994
Total detections: 22194
Epoch 70/100, Loss: 0.0026, Dev Accuracy: 0.3844, Train Accuracy: 0.9935
Evaluating ...
Total detections: 1999
Total detections: 22196
Epoch 71/100, Loss: 0.0026, Dev Accuracy: 0.3788, Train Accuracy: 0.9938
Evaluating ...
Total detections: 2252
Total detections: 22204
Epoch 72/100, Loss: 0.0027, Dev Accuracy: 0.4373, Train Accuracy: 0.9918
Evaluating ...
Total detections: 2132
Total detections: 22202
Epoch 73/100, Loss: 0.0028, Dev Accuracy: 0.4278, Train Accuracy: 0.9940
Evaluating ...
Total detections: 2101
Total detections: 22196
Epoch 74/100, Loss: 0.0026, Dev Accuracy: 0.4191, Train Accuracy: 0.9942
Evaluating ...
Total detections: 2093
Total detections: 22194
Epoch 75/100, Loss: 0.0025, Dev Accuracy: 0.4294, Train Accuracy: 0.9945
Evaluating ...
Total detections: 2086
Total detections: 22194
Epoch 76/100, Loss: 0.0024, Dev Accuracy: 0.4238, Train Accuracy: 0.9944
Evaluating ...
Total detections: 2087
Total detections: 22194
Epoch 77/100, Loss: 0.0024, Dev Accuracy: 0.4230, Train Accuracy: 0.9942
Evaluating ...
Total detections: 2114
Total detections: 22194
Epoch 78/100, Loss: 0.0024, Dev Accuracy: 0.4230, Train Accuracy: 0.9948
Evaluating ...
Total detections: 2041
Total detections: 22194
Epoch 79/100, Loss: 0.0024, Dev Accuracy: 0.4081, Train Accuracy: 0.9950
Evaluating ...
Total detections: 2106
Total detections: 22194
Epoch 80/100, Loss: 0.0024, Dev Accuracy: 0.4167, Train Accuracy: 0.9943
Evaluating ...
Total detections: 2017
Total detections: 22194
Epoch 81/100, Loss: 0.0024, Dev Accuracy: 0.3970, Train Accuracy: 0.9947
Evaluating ...
Total detections: 2058
Total detections: 22194
Epoch 82/100, Loss: 0.0023, Dev Accuracy: 0.4175, Train Accuracy: 0.9945
Evaluating ...
Total detections: 2080
Total detections: 22194
Epoch 83/100, Loss: 0.0023, Dev Accuracy: 0.4199, Train Accuracy: 0.9949
Evaluating ...
Total detections: 2063
Total detections: 22194
Epoch 84/100, Loss: 0.0023, Dev Accuracy: 0.4128, Train Accuracy: 0.9947
Evaluating ...
Total detections: 2104
Total detections: 22194
Epoch 85/100, Loss: 0.0023, Dev Accuracy: 0.4230, Train Accuracy: 0.9947
Evaluating ...
Total detections: 2116
Total detections: 22194
Epoch 86/100, Loss: 0.0023, Dev Accuracy: 0.4199, Train Accuracy: 0.9943
Evaluating ...
Total detections: 2098
Total detections: 22194
Epoch 87/100, Loss: 0.0023, Dev Accuracy: 0.4294, Train Accuracy: 0.9943
Evaluating ...
Total detections: 2098
Total detections: 22194
Epoch 88/100, Loss: 0.0023, Dev Accuracy: 0.4246, Train Accuracy: 0.9943
Evaluating ...
Total detections: 2103
Total detections: 22194
Epoch 89/100, Loss: 0.0023, Dev Accuracy: 0.4341, Train Accuracy: 0.9947
Evaluating ...
Total detections: 2096
Total detections: 22194
Epoch 90/100, Loss: 0.0023, Dev Accuracy: 0.4333, Train Accuracy: 0.9947
Evaluating ...
Total detections: 2074
Total detections: 22194
Epoch 91/100, Loss: 0.0023, Dev Accuracy: 0.4270, Train Accuracy: 0.9947
Evaluating ...
Total detections: 2085
Total detections: 22194
Epoch 92/100, Loss: 0.0022, Dev Accuracy: 0.4246, Train Accuracy: 0.9948
Evaluating ...
Total detections: 2117
Total detections: 22194
Epoch 93/100, Loss: 0.0022, Dev Accuracy: 0.4325, Train Accuracy: 0.9947
Evaluating ...
Total detections: 2095
Total detections: 22194
Epoch 94/100, Loss: 0.0022, Dev Accuracy: 0.4286, Train Accuracy: 0.9946
Evaluating ...
Total detections: 2122
Total detections: 22194
Epoch 95/100, Loss: 0.0022, Dev Accuracy: 0.4373, Train Accuracy: 0.9948
Evaluating ...
Total detections: 2080
Total detections: 22194
Epoch 96/100, Loss: 0.0022, Dev Accuracy: 0.4223, Train Accuracy: 0.9947
Evaluating ...
Total detections: 2112
Total detections: 22194
Epoch 97/100, Loss: 0.0022, Dev Accuracy: 0.4365, Train Accuracy: 0.9949
Evaluating ...
Total detections: 2092
Total detections: 22194
Epoch 98/100, Loss: 0.0022, Dev Accuracy: 0.4262, Train Accuracy: 0.9947
Evaluating ...
Total detections: 2109
Total detections: 22194
Epoch 99/100, Loss: 0.0022, Dev Accuracy: 0.4341, Train Accuracy: 0.9948
Evaluating ...
Total detections: 2097
Total detections: 22194
Epoch 100/100, Loss: 0.0022, Dev Accuracy: 0.4270, Train Accuracy: 0.9948
Total detections: 5601
